2017-12-06 17:49:35 $code :
------------
String:
78780

2017-12-06 18:23:28 $code :
------------
String:
64842

2017-12-06 18:44:05 $code :
------------
String:
26222

2017-12-06 18:45:20 $code :
------------
String:
67522

2017-12-06 19:10:53 $code :
------------
String:
15728

2017-12-06 19:13:15 $code :
------------
String:
26456

2017-12-06 19:17:56 $code :
------------
String:
84847

2017-12-06 19:29:55 $code :
------------
String:
66061

2017-12-06 19:45:52 $code :
------------
String:
98648

2017-12-06 21:12:53 $code :
------------
String:
46940

2017-12-06 21:12:58 $code :
------------
String:
32648

2017-12-06 21:13:03 $code :
------------
String:
26442

2017-12-06 21:13:03 $code :
------------
String:
44128

2017-12-06 21:13:04 $code :
------------
String:
74187

2017-12-06 21:13:11 $code :
------------
String:
10888

2017-12-06 21:13:15 $code :
------------
String:
62244

2017-12-06 21:13:15 $code :
------------
String:
59649

2017-12-06 21:13:18 $code :
------------
String:
60824

2017-12-06 21:13:21 $code :
------------
String:
24449

2017-12-06 21:13:23 $code :
------------
String:
24666

2017-12-06 21:13:24 $code :
------------
String:
24774

2017-12-06 21:13:48 $code :
------------
String:
47524

2017-12-06 21:13:51 $code :
------------
String:
96628

2017-12-06 21:13:53 $code :
------------
String:
81768

2017-12-06 21:13:53 $code :
------------
String:
16765

2017-12-06 21:13:59 $code :
------------
String:
24467

2017-12-06 21:14:04 $code :
------------
String:
03142

2017-12-06 21:15:06 $code :
------------
String:
81988

2017-12-06 21:15:07 $code :
------------
String:
06109

2017-12-06 21:15:18 $code :
------------
String:
86452

2017-12-06 21:15:18 $code :
------------
String:
43673

2017-12-06 21:15:25 $code :
------------
String:
68640

2017-12-06 21:16:02 $code :
------------
String:
44623

2017-12-06 21:17:45 $code :
------------
String:
97864

2017-12-06 21:17:45 $code :
------------
String:
37762

2017-12-06 21:17:59 $code :
------------
String:
88204

2017-12-06 21:18:24 $code :
------------
String:
25885

2017-12-06 21:18:51 $code :
------------
String:
69645

2017-12-06 21:18:54 $code :
------------
String:
94125

2017-12-06 21:19:03 $code :
------------
String:
10684

2017-12-06 21:19:26 $code :
------------
String:
54151

2017-12-06 21:19:42 $code :
------------
String:
60642

2017-12-06 21:20:11 $code :
------------
String:
10246

2017-12-06 21:20:16 $code :
------------
String:
23923

2017-12-06 21:20:19 $code :
------------
String:
44388

2017-12-06 21:20:35 $code :
------------
String:
65446

2017-12-06 21:20:38 $code :
------------
String:
28694

2017-12-06 21:20:41 $code :
------------
String:
48924

2017-12-06 21:20:47 $code :
------------
String:
36268

2017-12-06 21:21:31 $code :
------------
String:
89644

2017-12-06 21:23:20 $code :
------------
String:
23242

2017-12-06 21:25:15 $code :
------------
String:
18938

2017-12-06 21:26:00 $code :
------------
String:
44431

2017-12-06 21:26:02 $code :
------------
String:
21666

2017-12-06 21:26:07 $code :
------------
String:
31429

2017-12-06 21:26:16 $code :
------------
String:
05521

2017-12-06 21:27:02 $code :
------------
String:
26269

2017-12-06 21:27:10 $code :
------------
String:
34446

2017-12-06 21:27:23 $code :
------------
String:
48844

2017-12-06 21:28:04 $code :
------------
String:
66992

2017-12-06 21:29:10 $code :
------------
String:
49442

2017-12-06 21:29:21 $code :
------------
String:
86125

2017-12-06 21:29:35 $code :
------------
String:
22821

2017-12-06 21:30:04 $code :
------------
String:
63289

2017-12-06 21:30:44 $code :
------------
String:
12483

2017-12-06 21:32:20 $code :
------------
String:
13569

2017-12-06 21:32:49 $code :
------------
String:
52801

2017-12-06 21:35:56 $code :
------------
String:
70456

2017-12-06 21:38:36 $code :
------------
String:
28242

2017-12-06 21:38:38 $code :
------------
String:
22235

2017-12-06 21:39:23 $code :
------------
String:
65896

2017-12-06 21:42:21 $code :
------------
String:
38652

2017-12-06 21:42:52 $code :
------------
String:
92681

2017-12-06 21:43:00 $code :
------------
String:
58422

2017-12-06 21:43:03 $code :
------------
String:
82811

2017-12-06 21:43:36 $code :
------------
String:
62943

2017-12-06 21:49:47 $code :
------------
String:
28455

2017-12-06 21:50:45 $code :
------------
String:
41155

2017-12-06 21:51:48 $code :
------------
String:
61632

2017-12-06 21:53:15 $code :
------------
String:
24465

2017-12-06 21:53:24 $code :
------------
String:
69666

2017-12-06 21:55:15 $code :
------------
String:
83426

2017-12-06 21:55:50 $code :
------------
String:
02440

2017-12-06 21:56:18 $code :
------------
String:
80232

2017-12-06 22:02:45 $code :
------------
String:
66063

2017-12-06 22:03:29 $code :
------------
String:
44448

2017-12-06 22:04:56 $code :
------------
String:
88142

2017-12-06 22:05:15 $code :
------------
String:
12986

2017-12-06 22:15:06 $code :
------------
String:
21662

2017-12-06 22:18:30 $code :
------------
String:
44682

2017-12-06 22:24:19 $code :
------------
String:
34099

2017-12-06 22:26:23 $code :
------------
String:
24444

2017-12-06 22:32:10 $code :
------------
String:
34348

2017-12-06 22:32:42 $code :
------------
String:
36646

2017-12-06 22:37:43 $m1memberlevel :
------------
Array:
id : 6 ;
uniacid : 5 ;
level : 2 ;
levelname : 产品推广员 ;
ordermoney : 199.00 ;
ordercount : 0 ;
discount : 4.00 ;
enabled : 1 ;
enabledadd : 0 ;
buygoods : 0 ;
goodsids : N; ;

2017-12-06 22:37:43 $agentDiscountPrice :
------------
Array:
unitprice : 0 ;
price : 0 ;
taskdiscountprice : 0 ;
lotterydiscountprice : 0 ;
discounttype : 0 ;
isdiscountprice : 0 ;
discountprice : 0 ;
isdiscountunitprice : 0 ;
discountunitprice : 0 ;
price0 : 0 ;
price1 : 0 ;
price2 : 89 ;
buyagainprice : 0 ;

2017-12-06 22:37:43 $memberlevel :
------------
Array:
levelname : 普通会员 ;
discount : 10 ;

2017-12-06 22:37:43 $memberDiscountPrice :
------------
Array:
unitprice : 0 ;
price : 0 ;
taskdiscountprice : 0 ;
lotterydiscountprice : 0 ;
discounttype : 0 ;
isdiscountprice : 0 ;
discountprice : 0 ;
isdiscountunitprice : 0 ;
discountunitprice : 0 ;
price0 : 0 ;
price1 : 0 ;
price2 : 89 ;
buyagainprice : 0 ;

2017-12-06 22:51:11 $code :
------------
String:
01247

2017-12-06 22:54:44 $code :
------------
String:
62064

2017-12-06 23:06:10 $code :
------------
String:
75066

2017-12-06 23:06:51 $code :
------------
String:
85888

2017-12-06 23:20:44 $code :
------------
String:
14323

2017-12-06 23:26:49 $code :
------------
String:
42663

2017-12-06 23:36:33 $code :
------------
String:
69208

